{
  "stats": {
    "suites": 1,
    "tests": 1,
    "passes": 1,
    "pending": 0,
    "failures": 0,
    "start": "2023-08-20T17:35:57.403Z",
    "end": "2023-08-20T17:36:09.255Z",
    "duration": 11852,
    "testsRegistered": 1,
    "passPercent": 100,
    "pendingPercent": 0,
    "other": 0,
    "hasOther": false,
    "skipped": 0,
    "hasSkipped": false
  },
  "results": [
    {
      "uuid": "084e39ad-1d76-4420-b6ae-6962e4c0bf1d",
      "title": "",
      "fullFile": "cypress\\e2e\\Register.feature",
      "file": "cypress\\e2e\\Register.feature",
      "beforeHooks": [],
      "afterHooks": [],
      "tests": [],
      "suites": [
        {
          "uuid": "9eeffe4f-7e47-46c5-91bc-ae11d6e9b6e0",
          "title": "Register Account",
          "fullFile": "",
          "file": "",
          "beforeHooks": [],
          "afterHooks": [],
          "tests": [
            {
              "title": "Access Register Page",
              "fullTitle": "Register Account Access Register Page",
              "timedOut": null,
              "duration": 11788,
              "state": "passed",
              "speed": "slow",
              "pass": true,
              "fail": false,
              "pending": false,
              "context": null,
              "code": "const state = window.testState;\nreturn cy\n  .then(() => state.onStartScenario(scenario, indexedSteps))\n  .then(() =>\n    resolveAndRunBeforeHooks.call(this, scenario.tags, state.feature.name)\n  )\n  .then(() =>\n    indexedSteps.forEach((step) =>\n      stepTest.call(this, state, step, rowData)\n    )\n  )\n  .then(() => state.onFinishScenario(scenario));",
              "err": {},
              "uuid": "9a97b076-badd-4e12-9589-68bacf190349",
              "parentUUID": "9eeffe4f-7e47-46c5-91bc-ae11d6e9b6e0",
              "isHook": false,
              "skipped": false
            }
          ],
          "suites": [],
          "passes": [
            "9a97b076-badd-4e12-9589-68bacf190349"
          ],
          "failures": [],
          "pending": [],
          "skipped": [],
          "duration": 11788,
          "root": false,
          "rootEmpty": false,
          "_timeout": 2000
        }
      ],
      "passes": [],
      "failures": [],
      "pending": [],
      "skipped": [],
      "duration": 0,
      "root": true,
      "rootEmpty": true,
      "_timeout": 2000
    }
  ],
  "meta": {
    "mocha": {
      "version": "7.0.1"
    },
    "mochawesome": {
      "options": {
        "quiet": false,
        "reportFilename": "mochawesome",
        "saveHtml": false,
        "saveJson": true,
        "consoleReporter": "spec",
        "useInlineDiffs": false,
        "code": true
      },
      "version": "7.1.3"
    },
    "marge": {
      "options": {
        "reportDir": "cypress/results",
        "overwrite": false,
        "html": false,
        "json": true
      },
      "version": "6.2.0"
    }
  }
}