{
  "stats": {
    "suites": 1,
    "tests": 5,
    "passes": 5,
    "pending": 0,
    "failures": 0,
    "start": "2023-10-01T14:08:59.455Z",
    "end": "2023-10-01T14:09:28.267Z",
    "duration": 28812,
    "testsRegistered": 5,
    "passPercent": 100,
    "pendingPercent": 0,
    "other": 0,
    "hasOther": false,
    "skipped": 0,
    "hasSkipped": false
  },
  "results": [
    {
      "uuid": "079044d4-7eb5-4324-a35a-8e1241e04f42",
      "title": "",
      "fullFile": "cypress\\e2e\\Catalogue.feature",
      "file": "cypress\\e2e\\Catalogue.feature",
      "beforeHooks": [],
      "afterHooks": [],
      "tests": [],
      "suites": [
        {
          "uuid": "f01b4184-1ab7-406c-8c87-be446271dac2",
          "title": "Catalogue Account",
          "fullFile": "",
          "file": "",
          "beforeHooks": [],
          "afterHooks": [],
          "tests": [
            {
              "title": "Click on product",
              "fullTitle": "Catalogue Account Click on product",
              "timedOut": null,
              "duration": 10992,
              "state": "passed",
              "speed": "slow",
              "pass": true,
              "fail": false,
              "pending": false,
              "context": null,
              "code": "const state = window.testState;\nreturn cy\n  .then(() => state.onStartScenario(scenario, indexedSteps))\n  .then(() =>\n    resolveAndRunBeforeHooks.call(this, scenario.tags, state.feature.name)\n  )\n  .then(() =>\n    indexedSteps.forEach((step) =>\n      stepTest.call(this, state, step, rowData)\n    )\n  )\n  .then(() => state.onFinishScenario(scenario));",
              "err": {},
              "uuid": "4872e457-341c-4b4c-acd1-81f0a62c0f1f",
              "parentUUID": "f01b4184-1ab7-406c-8c87-be446271dac2",
              "isHook": false,
              "skipped": false
            },
            {
              "title": "Save product",
              "fullTitle": "Catalogue Account Save product",
              "timedOut": null,
              "duration": 3932,
              "state": "passed",
              "speed": "fast",
              "pass": true,
              "fail": false,
              "pending": false,
              "context": null,
              "code": "const state = window.testState;\nreturn cy\n  .then(() => state.onStartScenario(scenario, indexedSteps))\n  .then(() =>\n    resolveAndRunBeforeHooks.call(this, scenario.tags, state.feature.name)\n  )\n  .then(() =>\n    indexedSteps.forEach((step) =>\n      stepTest.call(this, state, step, rowData)\n    )\n  )\n  .then(() => state.onFinishScenario(scenario));",
              "err": {},
              "uuid": "fc971b8c-453f-4d56-8095-cc2a9b04f731",
              "parentUUID": "f01b4184-1ab7-406c-8c87-be446271dac2",
              "isHook": false,
              "skipped": false
            },
            {
              "title": "See options product",
              "fullTitle": "Catalogue Account See options product",
              "timedOut": null,
              "duration": 5416,
              "state": "passed",
              "speed": "medium",
              "pass": true,
              "fail": false,
              "pending": false,
              "context": null,
              "code": "const state = window.testState;\nreturn cy\n  .then(() => state.onStartScenario(scenario, indexedSteps))\n  .then(() =>\n    resolveAndRunBeforeHooks.call(this, scenario.tags, state.feature.name)\n  )\n  .then(() =>\n    indexedSteps.forEach((step) =>\n      stepTest.call(this, state, step, rowData)\n    )\n  )\n  .then(() => state.onFinishScenario(scenario));",
              "err": {},
              "uuid": "4f41269f-2611-4ec1-8db3-cac0f79c1fb7",
              "parentUUID": "f01b4184-1ab7-406c-8c87-be446271dac2",
              "isHook": false,
              "skipped": false
            },
            {
              "title": "Compare products",
              "fullTitle": "Catalogue Account Compare products",
              "timedOut": null,
              "duration": 3159,
              "state": "passed",
              "speed": "fast",
              "pass": true,
              "fail": false,
              "pending": false,
              "context": null,
              "code": "const state = window.testState;\nreturn cy\n  .then(() => state.onStartScenario(scenario, indexedSteps))\n  .then(() =>\n    resolveAndRunBeforeHooks.call(this, scenario.tags, state.feature.name)\n  )\n  .then(() =>\n    indexedSteps.forEach((step) =>\n      stepTest.call(this, state, step, rowData)\n    )\n  )\n  .then(() => state.onFinishScenario(scenario));",
              "err": {},
              "uuid": "857e9e42-7c01-4ac2-bf60-c608d2b92857",
              "parentUUID": "f01b4184-1ab7-406c-8c87-be446271dac2",
              "isHook": false,
              "skipped": false
            },
            {
              "title": "Visualize products",
              "fullTitle": "Catalogue Account Visualize products",
              "timedOut": null,
              "duration": 3981,
              "state": "passed",
              "speed": "fast",
              "pass": true,
              "fail": false,
              "pending": false,
              "context": null,
              "code": "const state = window.testState;\nreturn cy\n  .then(() => state.onStartScenario(scenario, indexedSteps))\n  .then(() =>\n    resolveAndRunBeforeHooks.call(this, scenario.tags, state.feature.name)\n  )\n  .then(() =>\n    indexedSteps.forEach((step) =>\n      stepTest.call(this, state, step, rowData)\n    )\n  )\n  .then(() => state.onFinishScenario(scenario));",
              "err": {},
              "uuid": "e4b6ed11-dc12-4c16-a587-d81186433da6",
              "parentUUID": "f01b4184-1ab7-406c-8c87-be446271dac2",
              "isHook": false,
              "skipped": false
            }
          ],
          "suites": [],
          "passes": [
            "4872e457-341c-4b4c-acd1-81f0a62c0f1f",
            "fc971b8c-453f-4d56-8095-cc2a9b04f731",
            "4f41269f-2611-4ec1-8db3-cac0f79c1fb7",
            "857e9e42-7c01-4ac2-bf60-c608d2b92857",
            "e4b6ed11-dc12-4c16-a587-d81186433da6"
          ],
          "failures": [],
          "pending": [],
          "skipped": [],
          "duration": 27480,
          "root": false,
          "rootEmpty": false,
          "_timeout": 2000
        }
      ],
      "passes": [],
      "failures": [],
      "pending": [],
      "skipped": [],
      "duration": 0,
      "root": true,
      "rootEmpty": true,
      "_timeout": 2000
    }
  ],
  "meta": {
    "mocha": {
      "version": "7.0.1"
    },
    "mochawesome": {
      "options": {
        "quiet": false,
        "reportFilename": "mochawesome",
        "saveHtml": false,
        "saveJson": true,
        "consoleReporter": "spec",
        "useInlineDiffs": false,
        "code": true
      },
      "version": "7.1.3"
    },
    "marge": {
      "options": {
        "reportDir": "cypress/results",
        "overwrite": false,
        "html": false,
        "json": true
      },
      "version": "6.2.0"
    }
  }
}