{
  "stats": {
    "suites": 1,
    "tests": 9,
    "passes": 9,
    "pending": 0,
    "failures": 0,
    "start": "2023-10-01T14:20:36.958Z",
    "end": "2023-10-01T14:22:29.048Z",
    "duration": 112090,
    "testsRegistered": 9,
    "passPercent": 100,
    "pendingPercent": 0,
    "other": 0,
    "hasOther": false,
    "skipped": 0,
    "hasSkipped": false
  },
  "results": [
    {
      "uuid": "9cf2f5ae-75e2-40de-8740-4374f0091185",
      "title": "",
      "fullFile": "cypress\\e2e\\AccountDetails.feature",
      "file": "cypress\\e2e\\AccountDetails.feature",
      "beforeHooks": [],
      "afterHooks": [],
      "tests": [],
      "suites": [
        {
          "uuid": "7eece9aa-cd4e-4d3a-9362-29bc48f15bfe",
          "title": "Account Details",
          "fullFile": "",
          "file": "",
          "beforeHooks": [],
          "afterHooks": [],
          "tests": [
            {
              "title": "Edit info (example #1)",
              "fullTitle": "Account Details Edit info (example #1)",
              "timedOut": null,
              "duration": 18240,
              "state": "passed",
              "speed": "slow",
              "pass": true,
              "fail": false,
              "pending": false,
              "context": null,
              "code": "const state = window.testState;\nreturn cy\n  .then(() => state.onStartScenario(scenario, indexedSteps))\n  .then(() =>\n    resolveAndRunBeforeHooks.call(this, scenario.tags, state.feature.name)\n  )\n  .then(() =>\n    indexedSteps.forEach((step) =>\n      stepTest.call(this, state, step, rowData)\n    )\n  )\n  .then(() => state.onFinishScenario(scenario));",
              "err": {},
              "uuid": "baca6cab-63d7-491b-a274-5af48ab50be4",
              "parentUUID": "7eece9aa-cd4e-4d3a-9362-29bc48f15bfe",
              "isHook": false,
              "skipped": false
            },
            {
              "title": "Edit info (example #2)",
              "fullTitle": "Account Details Edit info (example #2)",
              "timedOut": null,
              "duration": 13769,
              "state": "passed",
              "speed": "slow",
              "pass": true,
              "fail": false,
              "pending": false,
              "context": null,
              "code": "const state = window.testState;\nreturn cy\n  .then(() => state.onStartScenario(scenario, indexedSteps))\n  .then(() =>\n    resolveAndRunBeforeHooks.call(this, scenario.tags, state.feature.name)\n  )\n  .then(() =>\n    indexedSteps.forEach((step) =>\n      stepTest.call(this, state, step, rowData)\n    )\n  )\n  .then(() => state.onFinishScenario(scenario));",
              "err": {},
              "uuid": "b51844e4-3f7a-4854-9588-c9bd910b7a84",
              "parentUUID": "7eece9aa-cd4e-4d3a-9362-29bc48f15bfe",
              "isHook": false,
              "skipped": false
            },
            {
              "title": "Edit info (example #3)",
              "fullTitle": "Account Details Edit info (example #3)",
              "timedOut": null,
              "duration": 13128,
              "state": "passed",
              "speed": "slow",
              "pass": true,
              "fail": false,
              "pending": false,
              "context": null,
              "code": "const state = window.testState;\nreturn cy\n  .then(() => state.onStartScenario(scenario, indexedSteps))\n  .then(() =>\n    resolveAndRunBeforeHooks.call(this, scenario.tags, state.feature.name)\n  )\n  .then(() =>\n    indexedSteps.forEach((step) =>\n      stepTest.call(this, state, step, rowData)\n    )\n  )\n  .then(() => state.onFinishScenario(scenario));",
              "err": {},
              "uuid": "7638ef23-b75e-4d79-998c-4ff70b82eea0",
              "parentUUID": "7eece9aa-cd4e-4d3a-9362-29bc48f15bfe",
              "isHook": false,
              "skipped": false
            },
            {
              "title": "Save without mandatory fields (example #1)",
              "fullTitle": "Account Details Save without mandatory fields (example #1)",
              "timedOut": null,
              "duration": 9743,
              "state": "passed",
              "speed": "medium",
              "pass": true,
              "fail": false,
              "pending": false,
              "context": null,
              "code": "const state = window.testState;\nreturn cy\n  .then(() => state.onStartScenario(scenario, indexedSteps))\n  .then(() =>\n    resolveAndRunBeforeHooks.call(this, scenario.tags, state.feature.name)\n  )\n  .then(() =>\n    indexedSteps.forEach((step) =>\n      stepTest.call(this, state, step, rowData)\n    )\n  )\n  .then(() => state.onFinishScenario(scenario));",
              "err": {},
              "uuid": "d36ae50e-72ef-4c5a-946f-0a37849ca1a2",
              "parentUUID": "7eece9aa-cd4e-4d3a-9362-29bc48f15bfe",
              "isHook": false,
              "skipped": false
            },
            {
              "title": "Save without mandatory fields (example #2)",
              "fullTitle": "Account Details Save without mandatory fields (example #2)",
              "timedOut": null,
              "duration": 9970,
              "state": "passed",
              "speed": "medium",
              "pass": true,
              "fail": false,
              "pending": false,
              "context": null,
              "code": "const state = window.testState;\nreturn cy\n  .then(() => state.onStartScenario(scenario, indexedSteps))\n  .then(() =>\n    resolveAndRunBeforeHooks.call(this, scenario.tags, state.feature.name)\n  )\n  .then(() =>\n    indexedSteps.forEach((step) =>\n      stepTest.call(this, state, step, rowData)\n    )\n  )\n  .then(() => state.onFinishScenario(scenario));",
              "err": {},
              "uuid": "528fa201-a7c5-45f5-aeb8-7fec057fc10e",
              "parentUUID": "7eece9aa-cd4e-4d3a-9362-29bc48f15bfe",
              "isHook": false,
              "skipped": false
            },
            {
              "title": "Save without mandatory fields (example #3)",
              "fullTitle": "Account Details Save without mandatory fields (example #3)",
              "timedOut": null,
              "duration": 10372,
              "state": "passed",
              "speed": "slow",
              "pass": true,
              "fail": false,
              "pending": false,
              "context": null,
              "code": "const state = window.testState;\nreturn cy\n  .then(() => state.onStartScenario(scenario, indexedSteps))\n  .then(() =>\n    resolveAndRunBeforeHooks.call(this, scenario.tags, state.feature.name)\n  )\n  .then(() =>\n    indexedSteps.forEach((step) =>\n      stepTest.call(this, state, step, rowData)\n    )\n  )\n  .then(() => state.onFinishScenario(scenario));",
              "err": {},
              "uuid": "72864ef7-39d8-4ecc-ae93-a7d50bd267bb",
              "parentUUID": "7eece9aa-cd4e-4d3a-9362-29bc48f15bfe",
              "isHook": false,
              "skipped": false
            },
            {
              "title": "Save without mandatory fields (example #4)",
              "fullTitle": "Account Details Save without mandatory fields (example #4)",
              "timedOut": null,
              "duration": 10432,
              "state": "passed",
              "speed": "slow",
              "pass": true,
              "fail": false,
              "pending": false,
              "context": null,
              "code": "const state = window.testState;\nreturn cy\n  .then(() => state.onStartScenario(scenario, indexedSteps))\n  .then(() =>\n    resolveAndRunBeforeHooks.call(this, scenario.tags, state.feature.name)\n  )\n  .then(() =>\n    indexedSteps.forEach((step) =>\n      stepTest.call(this, state, step, rowData)\n    )\n  )\n  .then(() => state.onFinishScenario(scenario));",
              "err": {},
              "uuid": "a26f9719-410b-455e-b7ed-61f56dc7361c",
              "parentUUID": "7eece9aa-cd4e-4d3a-9362-29bc48f15bfe",
              "isHook": false,
              "skipped": false
            },
            {
              "title": "change password without current password (example #1)",
              "fullTitle": "Account Details change password without current password (example #1)",
              "timedOut": null,
              "duration": 11191,
              "state": "passed",
              "speed": "slow",
              "pass": true,
              "fail": false,
              "pending": false,
              "context": null,
              "code": "const state = window.testState;\nreturn cy\n  .then(() => state.onStartScenario(scenario, indexedSteps))\n  .then(() =>\n    resolveAndRunBeforeHooks.call(this, scenario.tags, state.feature.name)\n  )\n  .then(() =>\n    indexedSteps.forEach((step) =>\n      stepTest.call(this, state, step, rowData)\n    )\n  )\n  .then(() => state.onFinishScenario(scenario));",
              "err": {},
              "uuid": "6b544b36-28f5-40cc-baeb-107ffbb8421f",
              "parentUUID": "7eece9aa-cd4e-4d3a-9362-29bc48f15bfe",
              "isHook": false,
              "skipped": false
            },
            {
              "title": "change password with different passwords (example #1)",
              "fullTitle": "Account Details change password with different passwords (example #1)",
              "timedOut": null,
              "duration": 14052,
              "state": "passed",
              "speed": "slow",
              "pass": true,
              "fail": false,
              "pending": false,
              "context": null,
              "code": "const state = window.testState;\nreturn cy\n  .then(() => state.onStartScenario(scenario, indexedSteps))\n  .then(() =>\n    resolveAndRunBeforeHooks.call(this, scenario.tags, state.feature.name)\n  )\n  .then(() =>\n    indexedSteps.forEach((step) =>\n      stepTest.call(this, state, step, rowData)\n    )\n  )\n  .then(() => state.onFinishScenario(scenario));",
              "err": {},
              "uuid": "a7bbeb39-5ce5-480b-8699-e195cad3027d",
              "parentUUID": "7eece9aa-cd4e-4d3a-9362-29bc48f15bfe",
              "isHook": false,
              "skipped": false
            }
          ],
          "suites": [],
          "passes": [
            "baca6cab-63d7-491b-a274-5af48ab50be4",
            "b51844e4-3f7a-4854-9588-c9bd910b7a84",
            "7638ef23-b75e-4d79-998c-4ff70b82eea0",
            "d36ae50e-72ef-4c5a-946f-0a37849ca1a2",
            "528fa201-a7c5-45f5-aeb8-7fec057fc10e",
            "72864ef7-39d8-4ecc-ae93-a7d50bd267bb",
            "a26f9719-410b-455e-b7ed-61f56dc7361c",
            "6b544b36-28f5-40cc-baeb-107ffbb8421f",
            "a7bbeb39-5ce5-480b-8699-e195cad3027d"
          ],
          "failures": [],
          "pending": [],
          "skipped": [],
          "duration": 110897,
          "root": false,
          "rootEmpty": false,
          "_timeout": 2000
        }
      ],
      "passes": [],
      "failures": [],
      "pending": [],
      "skipped": [],
      "duration": 0,
      "root": true,
      "rootEmpty": true,
      "_timeout": 2000
    }
  ],
  "meta": {
    "mocha": {
      "version": "7.0.1"
    },
    "mochawesome": {
      "options": {
        "quiet": false,
        "reportFilename": "mochawesome",
        "saveHtml": false,
        "saveJson": true,
        "consoleReporter": "spec",
        "useInlineDiffs": false,
        "code": true
      },
      "version": "7.1.3"
    },
    "marge": {
      "options": {
        "reportDir": "cypress/results",
        "overwrite": false,
        "html": false,
        "json": true
      },
      "version": "6.2.0"
    }
  }
}